/work/03/ge43/e43020/master_project/UTMOS_BYOL-A/.venv/lib/python3.8/site-packages/hydra/_internal/defaults_list.py:251: UserWarning: In 'default': Defaults list is missing `_self_`. See https://hydra.cc/docs/upgrades/1.0_to_1.1/default_composition_order for more information
  warnings.warn(msg, UserWarning)
/work/03/ge43/e43020/master_project/UTMOS_BYOL-A/.venv/lib/python3.8/site-packages/hydra/core/default_element.py:122: UserWarning: In 'train/default': Usage of deprecated keyword in package header '# @package _group_'.
See https://hydra.cc/docs/next/upgrades/1.0_to_1.1/changes_to_package_header for more information
  deprecation_warning(
/work/03/ge43/e43020/master_project/UTMOS_BYOL-A/.venv/lib/python3.8/site-packages/hydra/core/default_element.py:122: UserWarning: In 'model/default': Usage of deprecated keyword in package header '# @package _group_'.
See https://hydra.cc/docs/next/upgrades/1.0_to_1.1/changes_to_package_header for more information
  deprecation_warning(
/work/03/ge43/e43020/master_project/UTMOS_BYOL-A/.venv/lib/python3.8/site-packages/hydra/core/default_element.py:122: UserWarning: In 'dataset/default': Usage of deprecated keyword in package header '# @package _group_'.
See https://hydra.cc/docs/next/upgrades/1.0_to_1.1/changes_to_package_header for more information
  deprecation_warning(
/work/03/ge43/e43020/master_project/UTMOS_BYOL-A/.venv/lib/python3.8/site-packages/pytorch_lightning/trainer/connectors/accelerator_connector.py:146: UserWarning: You passed `deterministic=True` and `benchmark=True`. Note that PyTorch ignores torch.backends.cudnn.deterministic=True when torch.backends.cudnn.benchmark=True.
  rank_zero_warn(
GPU available: True, used: True
TPU available: False, using: 0 TPU cores
IPU available: False, using: 0 IPUs
HPU available: False, using: 0 HPUs
/work/03/ge43/e43020/master_project/UTMOS_BYOL-A/.venv/lib/python3.8/site-packages/pytorch_lightning/trainer/connectors/logger_connector/logger_connector.py:61: LightningDeprecationWarning: Setting `Trainer(flush_logs_every_n_steps=10)` is deprecated in v1.5 and will be removed in v1.7. Please configure flushing in the logger instead.
  rank_zero_deprecation(
`Trainer(limit_train_batches=1.0)` was configured so 100% of the batches per epoch will be used..
`Trainer(limit_val_batches=1.0)` was configured so 100% of the batches will be used..
LOCAL_RANK: 0 - CUDA_VISIBLE_DEVICES: [0]

  | Name               | Type          | Params
-----------------------------------------------------
0 | feature_extractors | ModuleList    | 5.8 M 
1 | output_layers      | ModuleList    | 6.8 M 
2 | criterion          | CombineLosses | 0     
-----------------------------------------------------
12.7 M    Trainable params
0         Non-trainable params
12.7 M    Total params
50.660    Total estimated model params size (MB)
